[2025-01-27T11:59:32.193867+01:00] app-log.DEBUG: Api.php (133): Data sent. Max Memory: 1368112 {"url":"GET /install"} []
[2025-01-27T14:18:03.801326+01:00] app-log.DEBUG: Api.php (136): Data sent with error status '400' and response '{"error":"Route not found"}'. {"url":"GET /"} []
[2025-01-27T14:18:04.954119+01:00] app-log.DEBUG: Api.php (136): Data sent with error status '400' and response '{"error":"Route not found"}'. {"url":"GET /favicon.ico"} []
[2025-01-27T14:18:41.713014+01:00] app-log.DEBUG: Api.php (133): Data sent. Max Memory: 1369352 {"url":"GET /install"} []
[2025-01-27T14:18:42.669254+01:00] app-log.DEBUG: Api.php (136): Data sent with error status '400' and response '{"error":"Route not found"}'. {"url":"GET /favicon.ico"} []
[2025-01-27T15:12:45.131389+01:00] app-log.DEBUG: Api.php (136): Data sent with error status '400' and response '{"error":"Route not found"}'. {"url":"GET /favicon.ico"} []
[2025-01-27T15:13:40.789356+01:00] app-log.DEBUG: Api.php (136): Data sent with error status '400' and response '{"error":"Route not found"}'. {"url":"GET /favicon.ico"} []
[2025-01-27T15:14:51.431854+01:00] app-log.DEBUG: Api.php (136): Data sent with error status '400' and response '{"error":"Route not found"}'. {"url":"GET /favicon.ico"} []
[2025-01-27T15:15:09.479667+01:00] app-log.DEBUG: Api.php (136): Data sent with error status '400' and response '{"error":"Route not found"}'. {"url":"GET /favicon.ico"} []
[2025-01-27T15:17:08.224949+01:00] app-log.DEBUG: Api.php (136): Data sent with error status '400' and response '{"error":"Route not found"}'. {"url":"GET /favicon.ico"} []
[2025-01-27T16:06:13.932210+01:00] app-log.DEBUG: Api.php (136): Data sent with error status '400' and response '{"error":"Route not found"}'. {"url":"GET /favicon.ico"} []
[2025-01-27T16:06:46.072914+01:00] app-log.DEBUG: Api.php (136): Data sent with error status '400' and response '{"error":"Route not found"}'. {"url":"GET /favicon.ico"} []
[2025-01-27T16:07:01.343382+01:00] app-log.DEBUG: Api.php (136): Data sent with error status '400' and response '{"error":"Route not found"}'. {"url":"GET /favicon.ico"} []
[2025-01-27T16:07:53.026533+01:00] app-log.DEBUG: Api.php (136): Data sent with error status '400' and response '{"error":"Route not found"}'. {"url":"GET /favicon.ico"} []
[2025-01-27T16:10:20.189811+01:00] app-log.DEBUG: Api.php (136): Data sent with error status '400' and response '{"error":"Route not found"}'. {"url":"GET /favicon.ico"} []
[2025-01-27T16:11:23.129317+01:00] app-log.DEBUG: Api.php (136): Data sent with error status '400' and response '{"error":"Route not found"}'. {"url":"GET /favicon.ico"} []
[2025-01-27T16:21:37.438994+01:00] app-log.DEBUG: Api.php (136): Data sent with error status '400' and response '{"error":"Route not found"}'. {"url":"GET /favicon.ico"} []
[2025-01-28T10:15:47.070748+01:00] app-log.DEBUG: Api.php (136): Data sent with error status '400' and response '{"error":"Route not found"}'. {"url":"GET /favicon.ico"} []
[2025-01-28T10:16:07.261526+01:00] app-log.DEBUG: Api.php (136): Data sent with error status '400' and response '{"error":"Route not found"}'. {"url":"GET /favicon.ico"} []
[2025-01-28T14:54:58.110583+01:00] app-log.DEBUG: Api.php (136): Data sent with error status '400' and response '{"error":"Route not found"}'. {"url":"GET /php-info.php"} []
[2025-01-28T14:55:15.027141+01:00] app-log.DEBUG: Api.php (136): Data sent with error status '400' and response '{"error":"Route not found"}'. {"url":"GET /dashboard/"} []
